0 info it worked if it ends with ok
1 verbose cli [ '/usr/local/bin/node',
1 verbose cli   '/usr/local/bin/npm',
1 verbose cli   'install',
1 verbose cli   'cnpm',
1 verbose cli   '-g',
1 verbose cli   '–registry=https://registry.npm.taobao.org' ]
2 info using npm@2.11.3
3 info using node@v0.12.7
4 verbose install initial load of /usr/local/lib/package.json
5 verbose readDependencies loading dependencies from /usr/local/lib/package.json
6 silly cache add args [ 'cnpm', null ]
7 verbose cache add spec cnpm
8 silly cache add args [ '–registry=https://registry.npm.taobao.org', null ]
9 verbose cache add spec –registry=https://registry.npm.taobao.org
10 silly cache add parsed spec { raw: 'cnpm',
10 silly cache add   scope: null,
10 silly cache add   name: 'cnpm',
10 silly cache add   rawSpec: '',
10 silly cache add   spec: '*',
10 silly cache add   type: 'range' }
11 silly addNamed cnpm@*
12 verbose addNamed "*" is a valid semver range for cnpm
13 silly addNameRange { name: 'cnpm', range: '*', hasData: false }
14 silly mapToRegistry name cnpm
15 silly mapToRegistry using default registry
16 silly mapToRegistry registry https://registry.npm.taobao.org/
17 silly mapToRegistry uri https://registry.npm.taobao.org/cnpm
18 verbose addNameRange registry:https://registry.npm.taobao.org/cnpm not in flight; fetching
19 silly cache add parsed spec { raw: '–registry=https://registry.npm.taobao.org',
19 silly cache add   scope: null,
19 silly cache add   name: null,
19 silly cache add   rawSpec: '–registry=https://registry.npm.taobao.org',
19 silly cache add   spec: '/Users/yuxixi/work/live/games/SLG/slg_ui/–registry=https:/registry.npm.taobao.org',
19 silly cache add   type: 'local' }
20 error addLocal Could not install /Users/yuxixi/work/live/games/SLG/slg_ui/–registry=https:/registry.npm.taobao.org
21 verbose request uri https://registry.npm.taobao.org/cnpm
22 verbose request no auth needed
23 info attempt registry request try #1 at 19:27:18
24 verbose request id 5b5c3caf7810adfc
25 verbose etag "2e472-4zWowhkQsOP1TlbDs8IjEUapRlk"
26 http request GET https://registry.npm.taobao.org/cnpm
27 http 304 https://registry.npm.taobao.org/cnpm
28 silly get cb [ 304,
28 silly get   { date: 'Wed, 05 Sep 2018 11:27:18 GMT',
28 silly get     connection: 'keep-alive',
28 silly get     'x-current-requests': '1',
28 silly get     vary: 'Origin',
28 silly get     etag: '"2e472-4zWowhkQsOP1TlbDs8IjEUapRlk"',
28 silly get     'x-readtime': '27' } ]
29 verbose etag https://registry.npm.taobao.org/cnpm from cache
30 verbose get saving cnpm to /Users/yuxixi/.npm/registry.npm.taobao.org/cnpm/.cache.json
31 silly addNameRange number 2 { name: 'cnpm', range: '*', hasData: true }
32 silly addNameRange versions [ 'cnpm',
32 silly addNameRange   [ '6.0.0',
32 silly addNameRange     '5.3.0',
32 silly addNameRange     '5.2.0',
32 silly addNameRange     '4.5.1',
32 silly addNameRange     '5.1.1',
32 silly addNameRange     '5.1.0',
32 silly addNameRange     '5.0.0',
32 silly addNameRange     '5.0.0-beta.3',
32 silly addNameRange     '5.0.0-beta.2',
32 silly addNameRange     '5.0.0-beta.1',
32 silly addNameRange     '4.5.0',
32 silly addNameRange     '4.4.2',
32 silly addNameRange     '4.4.1',
32 silly addNameRange     '4.4.0',
32 silly addNameRange     '4.4.0-beta',
32 silly addNameRange     '4.3.2',
32 silly addNameRange     '4.3.1',
32 silly addNameRange     '4.3.0',
32 silly addNameRange     '4.2.0',
32 silly addNameRange     '4.2.0-beta.5',
32 silly addNameRange     '4.2.0-beta.4',
32 silly addNameRange     '4.2.0-beta.3',
32 silly addNameRange     '4.2.0-beta.2',
32 silly addNameRange     '4.2.0-beta.1',
32 silly addNameRange     '3.4.1',
32 silly addNameRange     '3.4.0',
32 silly addNameRange     '3.3.1',
32 silly addNameRange     '4.1.0',
32 silly addNameRange     '3.3.0',
32 silly addNameRange     '4.0.0',
32 silly addNameRange     '3.2.3',
32 silly addNameRange     '3.2.2',
32 silly addNameRange     '3.2.1',
32 silly addNameRange     '3.2.0',
32 silly addNameRange     '3.1.0',
32 silly addNameRange     '3.0.2',
32 silly addNameRange     '3.0.1',
32 silly addNameRange     '3.0.0',
32 silly addNameRange     '2.0.1',
32 silly addNameRange     '2.0.0',
32 silly addNameRange     '1.2.0',
32 silly addNameRange     '1.1.0',
32 silly addNameRange     '1.0.0',
32 silly addNameRange     '0.5.2',
32 silly addNameRange     '0.5.0',
32 silly addNameRange     '0.4.0',
32 silly addNameRange     '0.3.0',
32 silly addNameRange     '0.2.2',
32 silly addNameRange     '0.2.1',
32 silly addNameRange     '0.2.0',
32 silly addNameRange     '0.1.3',
32 silly addNameRange     '0.1.2',
32 silly addNameRange     '0.1.1',
32 silly addNameRange     '0.1.0',
32 silly addNameRange     '0.0.35',
32 silly addNameRange     '0.0.34',
32 silly addNameRange     '0.0.33',
32 silly addNameRange     '0.0.32',
32 silly addNameRange     '0.0.31',
32 silly addNameRange     '0.0.30',
32 silly addNameRange     '0.0.29',
32 silly addNameRange     '0.0.28',
32 silly addNameRange     '0.0.27',
32 silly addNameRange     '0.0.26',
32 silly addNameRange     '0.0.25',
32 silly addNameRange     '0.0.24',
32 silly addNameRange     '0.0.23',
32 silly addNameRange     '0.0.22',
32 silly addNameRange     '0.0.21',
32 silly addNameRange     '0.0.20',
32 silly addNameRange     '0.0.19',
32 silly addNameRange     '0.0.18',
32 silly addNameRange     '0.0.17',
32 silly addNameRange     '0.0.16',
32 silly addNameRange     '0.0.15',
32 silly addNameRange     '0.0.14',
32 silly addNameRange     '0.0.13',
32 silly addNameRange     '0.0.12',
32 silly addNameRange     '0.0.11',
32 silly addNameRange     '0.0.10',
32 silly addNameRange     '0.0.9',
32 silly addNameRange     '0.0.8',
32 silly addNameRange     '0.0.7',
32 silly addNameRange     '0.0.6',
32 silly addNameRange     '0.0.5',
32 silly addNameRange     '0.0.4',
32 silly addNameRange     '0.0.3',
32 silly addNameRange     '0.0.2',
32 silly addNameRange     '0.0.1',
32 silly addNameRange     '0.0.0' ] ]
33 silly addNamed cnpm@6.0.0
34 verbose addNamed "6.0.0" is a plain semver version for cnpm
35 silly cache afterAdd cnpm@6.0.0
36 verbose afterAdd /Users/yuxixi/.npm/cnpm/6.0.0/package/package.json not in flight; writing
37 verbose afterAdd /Users/yuxixi/.npm/cnpm/6.0.0/package/package.json written
38 verbose stack Error: ENOENT, open '/Users/yuxixi/work/live/games/SLG/slg_ui/–registry=https:/registry.npm.taobao.org'
38 verbose stack     at Error (native)
39 verbose cwd /Users/yuxixi/work/live/games/SLG/slg_ui
40 error Darwin 17.5.0
41 error argv "/usr/local/bin/node" "/usr/local/bin/npm" "install" "cnpm" "-g" "–registry=https://registry.npm.taobao.org"
42 error node v0.12.7
43 error npm  v2.11.3
44 error path /Users/yuxixi/work/live/games/SLG/slg_ui/–registry=https:/registry.npm.taobao.org
45 error code ENOENT
46 error errno -2
47 error enoent ENOENT, open '/Users/yuxixi/work/live/games/SLG/slg_ui/–registry=https:/registry.npm.taobao.org'
47 error enoent This is most likely not a problem with npm itself
47 error enoent and is related to npm not being able to find a file.
48 verbose exit [ -2, true ]
